<?xml version="1.0" encoding="UTF-8"?>
<testng-results skipped="2" failed="0" ignored="0" total="2" passed="0">
  <reporter-output>
  </reporter-output>
  <suite name="解码直播小程序自动化" duration-ms="43764" started-at="2019-09-03T05:47:16Z" finished-at="2019-09-03T05:47:59Z">
    <groups>
    </groups>
    <test name="移动设备:MI 9" duration-ms="43764" started-at="2019-09-03T05:47:16Z" finished-at="2019-09-03T05:47:59Z">
      <class name="com.jds.testCase.caseList.WX.CHomePage">
        <test-method status="PASS" signature="openWxMini(java.lang.String, java.lang.String, java.lang.String, java.lang.String, java.lang.String, java.lang.String, java.lang.String, java.lang.String, java.lang.String)[pri:0, instance:com.jds.testCase.caseList.WX.CHomePage@47af7f3d]" name="openWxMini" is-config="true" duration-ms="23600" started-at="2019-09-03T05:47:16Z" finished-at="2019-09-03T05:47:39Z">
          <params>
            <param index="0">
              <value>
                <![CDATA[4723]]>
              </value>
            </param>
            <param index="1">
              <value>
                <![CDATA[4724]]>
              </value>
            </param>
            <param index="2">
              <value>
                <![CDATA[Android]]>
              </value>
            </param>
            <param index="3">
              <value>
                <![CDATA[6d4a5e0d]]>
              </value>
            </param>
            <param index="4">
              <value>
                <![CDATA[2340]]>
              </value>
            </param>
            <param index="5">
              <value>
                <![CDATA[1080]]>
              </value>
            </param>
            <param index="6">
              <value>
                <![CDATA[XIAOMI]]>
              </value>
            </param>
            <param index="7">
              <value>
                <![CDATA[MI 9]]>
              </value>
            </param>
            <param index="8">
              <value>
                <![CDATA[9]]>
              </value>
            </param>
          </params>
          <reporter-output>
          </reporter-output>
        </test-method> <!-- openWxMini -->
        <test-method status="FAIL" signature="pageEntry()[pri:0, instance:com.jds.testCase.caseList.WX.CHomePage@47af7f3d]" name="pageEntry" is-config="true" duration-ms="8" started-at="2019-09-03T05:47:39Z" finished-at="2019-09-03T05:47:39Z">
          <exception class="org.openqa.selenium.UnsupportedCommandException">
            <message>
              <![CDATA[Method has not yet been implemented
Build info: version: '3.141.59', revision: 'e82be7d358', time: '2018-11-14T08:17:03'
System info: host: 'boyuedeMacBook-Pro.local', ip: 'fe80:0:0:0:cf6:ae8d:2988:bb7f%en0', os.name: 'Mac OS X', os.arch: 'x86_64', os.version: '10.14.3', java.version: '1.8.0_201'
Driver info: io.appium.java_client.android.AndroidDriver
Capabilities {appActivity: com.tencent.mm.ui.LauncherUI, appPackage: com.tencent.mm, appWaitActivity: com.tencent.mm.app.WeChatSp..., browserName: , chromedriverExecutable: /Users/boyue/工作/StockCircle..., databaseEnabled: false, desired: {appActivity: com.tencent.mm.ui.LauncherUI, appPackage: com.tencent.mm, appWaitActivity: com.tencent.mm.app.WeChatSp..., browserName: , chromedriverExecutable: /Users/boyue/工作/StockCircle..., deviceName: 6d4a5e0d, goog:chromeOptions: {androidProcess: com.tencent.mm:appbrand0, args: [], extensions: []}, newCommandTimeout: 120, noReset: true, noSign: true, platformName: android, platformVersion: 9, recreateChromeDriverSessions: true, resetKeyboard: true, sessionOverride: true, unicodeKeyboard: true}, deviceManufacturer: Xiaomi, deviceModel: MI 9, deviceName: 6d4a5e0d, deviceScreenSize: 1080x2340, deviceUDID: 6d4a5e0d, goog:chromeOptions: {androidProcess: com.tencent.mm:appbrand0, args: [], extensions: []}, javascriptEnabled: true, locationContextEnabled: false, networkConnectionEnabled: true, newCommandTimeout: 120, noReset: true, noSign: true, platform: LINUX, platformName: Android, platformVersion: 9, recreateChromeDriverSessions: true, resetKeyboard: true, sessionOverride: true, takesScreenshot: true, unicodeKeyboard: true, warnings: {}, webStorageEnabled: false}
Session ID: cd205ff7-8c00-472e-9fe6-6cd7aced2891]]>
            </message>
            <full-stacktrace>
              <![CDATA[org.openqa.selenium.UnsupportedCommandException: Method has not yet been implemented
Build info: version: '3.141.59', revision: 'e82be7d358', time: '2018-11-14T08:17:03'
System info: host: 'boyuedeMacBook-Pro.local', ip: 'fe80:0:0:0:cf6:ae8d:2988:bb7f%en0', os.name: 'Mac OS X', os.arch: 'x86_64', os.version: '10.14.3', java.version: '1.8.0_201'
Driver info: io.appium.java_client.android.AndroidDriver
Capabilities {appActivity: com.tencent.mm.ui.LauncherUI, appPackage: com.tencent.mm, appWaitActivity: com.tencent.mm.app.WeChatSp..., browserName: , chromedriverExecutable: /Users/boyue/工作/StockCircle..., databaseEnabled: false, desired: {appActivity: com.tencent.mm.ui.LauncherUI, appPackage: com.tencent.mm, appWaitActivity: com.tencent.mm.app.WeChatSp..., browserName: , chromedriverExecutable: /Users/boyue/工作/StockCircle..., deviceName: 6d4a5e0d, goog:chromeOptions: {androidProcess: com.tencent.mm:appbrand0, args: [], extensions: []}, newCommandTimeout: 120, noReset: true, noSign: true, platformName: android, platformVersion: 9, recreateChromeDriverSessions: true, resetKeyboard: true, sessionOverride: true, unicodeKeyboard: true}, deviceManufacturer: Xiaomi, deviceModel: MI 9, deviceName: 6d4a5e0d, deviceScreenSize: 1080x2340, deviceUDID: 6d4a5e0d, goog:chromeOptions: {androidProcess: com.tencent.mm:appbrand0, args: [], extensions: []}, javascriptEnabled: true, locationContextEnabled: false, networkConnectionEnabled: true, newCommandTimeout: 120, noReset: true, noSign: true, platform: LINUX, platformName: Android, platformVersion: 9, recreateChromeDriverSessions: true, resetKeyboard: true, sessionOverride: true, takesScreenshot: true, unicodeKeyboard: true, warnings: {}, webStorageEnabled: false}
Session ID: cd205ff7-8c00-472e-9fe6-6cd7aced2891
at sun.reflect.NativeConstructorAccessorImpl.newInstance0(Native Method)
at sun.reflect.NativeConstructorAccessorImpl.newInstance(NativeConstructorAccessorImpl.java:62)
at sun.reflect.DelegatingConstructorAccessorImpl.newInstance(DelegatingConstructorAccessorImpl.java:45)
at java.lang.reflect.Constructor.newInstance(Constructor.java:423)
at org.openqa.selenium.remote.http.W3CHttpResponseCodec.createException(W3CHttpResponseCodec.java:187)
at org.openqa.selenium.remote.http.W3CHttpResponseCodec.decode(W3CHttpResponseCodec.java:122)
at org.openqa.selenium.remote.http.W3CHttpResponseCodec.decode(W3CHttpResponseCodec.java:49)
at org.openqa.selenium.remote.HttpCommandExecutor.execute(HttpCommandExecutor.java:158)
at io.appium.java_client.remote.AppiumCommandExecutor.execute(AppiumCommandExecutor.java:239)
at org.openqa.selenium.remote.RemoteWebDriver.execute(RemoteWebDriver.java:548)
at io.appium.java_client.DefaultGenericMobileDriver.execute(DefaultGenericMobileDriver.java:46)
at io.appium.java_client.AppiumDriver.execute(AppiumDriver.java:1)
at io.appium.java_client.android.AndroidDriver.execute(AndroidDriver.java:1)
at org.openqa.selenium.remote.RemoteWebDriver.getWindowHandles(RemoteWebDriver.java:456)
at com.jds.testBase.util.PageAction.jumpToWindowHandel(PageAction.java:223)
at com.jds.testBase.page.WX.JMZB.JMHomePage.jumpHomeWindowHandel(JMHomePage.java:84)
at com.jds.testCase.caseList.WX.CHomePage.pageEntry(CHomePage.java:16)
at sun.reflect.NativeMethodAccessorImpl.invoke0(Native Method)
at sun.reflect.NativeMethodAccessorImpl.invoke(NativeMethodAccessorImpl.java:62)
at sun.reflect.DelegatingMethodAccessorImpl.invoke(DelegatingMethodAccessorImpl.java:43)
at java.lang.reflect.Method.invoke(Method.java:498)
at org.testng.internal.MethodInvocationHelper.invokeMethod(MethodInvocationHelper.java:124)
at org.testng.internal.MethodInvocationHelper.invokeMethodConsideringTimeout(MethodInvocationHelper.java:59)
at org.testng.internal.Invoker.invokeConfigurationMethod(Invoker.java:458)
at org.testng.internal.Invoker.invokeConfigurations(Invoker.java:222)
at org.testng.internal.Invoker.invokeConfigurations(Invoker.java:142)
at org.testng.internal.TestMethodWorker.invokeBeforeClassMethods(TestMethodWorker.java:168)
at org.testng.internal.TestMethodWorker.run(TestMethodWorker.java:105)
at org.testng.TestRunner.privateRun(TestRunner.java:648)
at org.testng.TestRunner.run(TestRunner.java:505)
at org.testng.SuiteRunner.runTest(SuiteRunner.java:455)
at org.testng.SuiteRunner.access$000(SuiteRunner.java:40)
at org.testng.SuiteRunner$SuiteWorker.run(SuiteRunner.java:489)
at org.testng.internal.thread.ThreadUtil$1.call(ThreadUtil.java:52)
at java.util.concurrent.FutureTask.run(FutureTask.java:266)
at java.util.concurrent.ThreadPoolExecutor.runWorker(ThreadPoolExecutor.java:1149)
at java.util.concurrent.ThreadPoolExecutor$Worker.run(ThreadPoolExecutor.java:624)
at java.lang.Thread.run(Thread.java:748)
]]>
            </full-stacktrace>
          </exception> <!-- org.openqa.selenium.UnsupportedCommandException -->
          <reporter-output>
          </reporter-output>
        </test-method> <!-- pageEntry -->
        <test-method status="SKIP" signature="Case001()[pri:0, instance:com.jds.testCase.caseList.WX.CHomePage@47af7f3d]" name="Case001" duration-ms="0" started-at="2019-09-03T05:47:49Z" finished-at="2019-09-03T05:47:49Z">
          <exception class="org.openqa.selenium.UnsupportedCommandException">
            <message>
              <![CDATA[Method has not yet been implemented
Build info: version: '3.141.59', revision: 'e82be7d358', time: '2018-11-14T08:17:03'
System info: host: 'boyuedeMacBook-Pro.local', ip: 'fe80:0:0:0:cf6:ae8d:2988:bb7f%en0', os.name: 'Mac OS X', os.arch: 'x86_64', os.version: '10.14.3', java.version: '1.8.0_201'
Driver info: io.appium.java_client.android.AndroidDriver
Capabilities {appActivity: com.tencent.mm.ui.LauncherUI, appPackage: com.tencent.mm, appWaitActivity: com.tencent.mm.app.WeChatSp..., browserName: , chromedriverExecutable: /Users/boyue/工作/StockCircle..., databaseEnabled: false, desired: {appActivity: com.tencent.mm.ui.LauncherUI, appPackage: com.tencent.mm, appWaitActivity: com.tencent.mm.app.WeChatSp..., browserName: , chromedriverExecutable: /Users/boyue/工作/StockCircle..., deviceName: 6d4a5e0d, goog:chromeOptions: {androidProcess: com.tencent.mm:appbrand0, args: [], extensions: []}, newCommandTimeout: 120, noReset: true, noSign: true, platformName: android, platformVersion: 9, recreateChromeDriverSessions: true, resetKeyboard: true, sessionOverride: true, unicodeKeyboard: true}, deviceManufacturer: Xiaomi, deviceModel: MI 9, deviceName: 6d4a5e0d, deviceScreenSize: 1080x2340, deviceUDID: 6d4a5e0d, goog:chromeOptions: {androidProcess: com.tencent.mm:appbrand0, args: [], extensions: []}, javascriptEnabled: true, locationContextEnabled: false, networkConnectionEnabled: true, newCommandTimeout: 120, noReset: true, noSign: true, platform: LINUX, platformName: Android, platformVersion: 9, recreateChromeDriverSessions: true, resetKeyboard: true, sessionOverride: true, takesScreenshot: true, unicodeKeyboard: true, warnings: {}, webStorageEnabled: false}
Session ID: cd205ff7-8c00-472e-9fe6-6cd7aced2891]]>
            </message>
            <full-stacktrace>
              <![CDATA[org.openqa.selenium.UnsupportedCommandException: Method has not yet been implemented
Build info: version: '3.141.59', revision: 'e82be7d358', time: '2018-11-14T08:17:03'
System info: host: 'boyuedeMacBook-Pro.local', ip: 'fe80:0:0:0:cf6:ae8d:2988:bb7f%en0', os.name: 'Mac OS X', os.arch: 'x86_64', os.version: '10.14.3', java.version: '1.8.0_201'
Driver info: io.appium.java_client.android.AndroidDriver
Capabilities {appActivity: com.tencent.mm.ui.LauncherUI, appPackage: com.tencent.mm, appWaitActivity: com.tencent.mm.app.WeChatSp..., browserName: , chromedriverExecutable: /Users/boyue/工作/StockCircle..., databaseEnabled: false, desired: {appActivity: com.tencent.mm.ui.LauncherUI, appPackage: com.tencent.mm, appWaitActivity: com.tencent.mm.app.WeChatSp..., browserName: , chromedriverExecutable: /Users/boyue/工作/StockCircle..., deviceName: 6d4a5e0d, goog:chromeOptions: {androidProcess: com.tencent.mm:appbrand0, args: [], extensions: []}, newCommandTimeout: 120, noReset: true, noSign: true, platformName: android, platformVersion: 9, recreateChromeDriverSessions: true, resetKeyboard: true, sessionOverride: true, unicodeKeyboard: true}, deviceManufacturer: Xiaomi, deviceModel: MI 9, deviceName: 6d4a5e0d, deviceScreenSize: 1080x2340, deviceUDID: 6d4a5e0d, goog:chromeOptions: {androidProcess: com.tencent.mm:appbrand0, args: [], extensions: []}, javascriptEnabled: true, locationContextEnabled: false, networkConnectionEnabled: true, newCommandTimeout: 120, noReset: true, noSign: true, platform: LINUX, platformName: Android, platformVersion: 9, recreateChromeDriverSessions: true, resetKeyboard: true, sessionOverride: true, takesScreenshot: true, unicodeKeyboard: true, warnings: {}, webStorageEnabled: false}
Session ID: cd205ff7-8c00-472e-9fe6-6cd7aced2891
at sun.reflect.NativeConstructorAccessorImpl.newInstance0(Native Method)
at sun.reflect.NativeConstructorAccessorImpl.newInstance(NativeConstructorAccessorImpl.java:62)
at sun.reflect.DelegatingConstructorAccessorImpl.newInstance(DelegatingConstructorAccessorImpl.java:45)
at java.lang.reflect.Constructor.newInstance(Constructor.java:423)
at org.openqa.selenium.remote.http.W3CHttpResponseCodec.createException(W3CHttpResponseCodec.java:187)
at org.openqa.selenium.remote.http.W3CHttpResponseCodec.decode(W3CHttpResponseCodec.java:122)
at org.openqa.selenium.remote.http.W3CHttpResponseCodec.decode(W3CHttpResponseCodec.java:49)
at org.openqa.selenium.remote.HttpCommandExecutor.execute(HttpCommandExecutor.java:158)
at io.appium.java_client.remote.AppiumCommandExecutor.execute(AppiumCommandExecutor.java:239)
at org.openqa.selenium.remote.RemoteWebDriver.execute(RemoteWebDriver.java:548)
at io.appium.java_client.DefaultGenericMobileDriver.execute(DefaultGenericMobileDriver.java:46)
at io.appium.java_client.AppiumDriver.execute(AppiumDriver.java:1)
at io.appium.java_client.android.AndroidDriver.execute(AndroidDriver.java:1)
at org.openqa.selenium.remote.RemoteWebDriver.getWindowHandles(RemoteWebDriver.java:456)
at com.jds.testBase.util.PageAction.jumpToWindowHandel(PageAction.java:223)
at com.jds.testBase.page.WX.JMZB.JMHomePage.jumpHomeWindowHandel(JMHomePage.java:84)
at com.jds.testCase.caseList.WX.CHomePage.pageEntry(CHomePage.java:16)
at sun.reflect.NativeMethodAccessorImpl.invoke0(Native Method)
at sun.reflect.NativeMethodAccessorImpl.invoke(NativeMethodAccessorImpl.java:62)
at sun.reflect.DelegatingMethodAccessorImpl.invoke(DelegatingMethodAccessorImpl.java:43)
at java.lang.reflect.Method.invoke(Method.java:498)
at org.testng.internal.MethodInvocationHelper.invokeMethod(MethodInvocationHelper.java:124)
at org.testng.internal.MethodInvocationHelper.invokeMethodConsideringTimeout(MethodInvocationHelper.java:59)
at org.testng.internal.Invoker.invokeConfigurationMethod(Invoker.java:458)
at org.testng.internal.Invoker.invokeConfigurations(Invoker.java:222)
at org.testng.internal.Invoker.invokeConfigurations(Invoker.java:142)
at org.testng.internal.TestMethodWorker.invokeBeforeClassMethods(TestMethodWorker.java:168)
at org.testng.internal.TestMethodWorker.run(TestMethodWorker.java:105)
at org.testng.TestRunner.privateRun(TestRunner.java:648)
at org.testng.TestRunner.run(TestRunner.java:505)
at org.testng.SuiteRunner.runTest(SuiteRunner.java:455)
at org.testng.SuiteRunner.access$000(SuiteRunner.java:40)
at org.testng.SuiteRunner$SuiteWorker.run(SuiteRunner.java:489)
at org.testng.internal.thread.ThreadUtil$1.call(ThreadUtil.java:52)
at java.util.concurrent.FutureTask.run(FutureTask.java:266)
at java.util.concurrent.ThreadPoolExecutor.runWorker(ThreadPoolExecutor.java:1149)
at java.util.concurrent.ThreadPoolExecutor$Worker.run(ThreadPoolExecutor.java:624)
at java.lang.Thread.run(Thread.java:748)
]]>
            </full-stacktrace>
          </exception> <!-- org.openqa.selenium.UnsupportedCommandException -->
          <reporter-output>
          </reporter-output>
        </test-method> <!-- Case001 -->
        <test-method status="SKIP" signature="Case002()[pri:0, instance:com.jds.testCase.caseList.WX.CHomePage@47af7f3d]" name="Case002" duration-ms="0" started-at="2019-09-03T05:47:54Z" finished-at="2019-09-03T05:47:54Z">
          <exception class="org.openqa.selenium.UnsupportedCommandException">
            <message>
              <![CDATA[Method has not yet been implemented
Build info: version: '3.141.59', revision: 'e82be7d358', time: '2018-11-14T08:17:03'
System info: host: 'boyuedeMacBook-Pro.local', ip: 'fe80:0:0:0:cf6:ae8d:2988:bb7f%en0', os.name: 'Mac OS X', os.arch: 'x86_64', os.version: '10.14.3', java.version: '1.8.0_201'
Driver info: io.appium.java_client.android.AndroidDriver
Capabilities {appActivity: com.tencent.mm.ui.LauncherUI, appPackage: com.tencent.mm, appWaitActivity: com.tencent.mm.app.WeChatSp..., browserName: , chromedriverExecutable: /Users/boyue/工作/StockCircle..., databaseEnabled: false, desired: {appActivity: com.tencent.mm.ui.LauncherUI, appPackage: com.tencent.mm, appWaitActivity: com.tencent.mm.app.WeChatSp..., browserName: , chromedriverExecutable: /Users/boyue/工作/StockCircle..., deviceName: 6d4a5e0d, goog:chromeOptions: {androidProcess: com.tencent.mm:appbrand0, args: [], extensions: []}, newCommandTimeout: 120, noReset: true, noSign: true, platformName: android, platformVersion: 9, recreateChromeDriverSessions: true, resetKeyboard: true, sessionOverride: true, unicodeKeyboard: true}, deviceManufacturer: Xiaomi, deviceModel: MI 9, deviceName: 6d4a5e0d, deviceScreenSize: 1080x2340, deviceUDID: 6d4a5e0d, goog:chromeOptions: {androidProcess: com.tencent.mm:appbrand0, args: [], extensions: []}, javascriptEnabled: true, locationContextEnabled: false, networkConnectionEnabled: true, newCommandTimeout: 120, noReset: true, noSign: true, platform: LINUX, platformName: Android, platformVersion: 9, recreateChromeDriverSessions: true, resetKeyboard: true, sessionOverride: true, takesScreenshot: true, unicodeKeyboard: true, warnings: {}, webStorageEnabled: false}
Session ID: cd205ff7-8c00-472e-9fe6-6cd7aced2891]]>
            </message>
            <full-stacktrace>
              <![CDATA[org.openqa.selenium.UnsupportedCommandException: Method has not yet been implemented
Build info: version: '3.141.59', revision: 'e82be7d358', time: '2018-11-14T08:17:03'
System info: host: 'boyuedeMacBook-Pro.local', ip: 'fe80:0:0:0:cf6:ae8d:2988:bb7f%en0', os.name: 'Mac OS X', os.arch: 'x86_64', os.version: '10.14.3', java.version: '1.8.0_201'
Driver info: io.appium.java_client.android.AndroidDriver
Capabilities {appActivity: com.tencent.mm.ui.LauncherUI, appPackage: com.tencent.mm, appWaitActivity: com.tencent.mm.app.WeChatSp..., browserName: , chromedriverExecutable: /Users/boyue/工作/StockCircle..., databaseEnabled: false, desired: {appActivity: com.tencent.mm.ui.LauncherUI, appPackage: com.tencent.mm, appWaitActivity: com.tencent.mm.app.WeChatSp..., browserName: , chromedriverExecutable: /Users/boyue/工作/StockCircle..., deviceName: 6d4a5e0d, goog:chromeOptions: {androidProcess: com.tencent.mm:appbrand0, args: [], extensions: []}, newCommandTimeout: 120, noReset: true, noSign: true, platformName: android, platformVersion: 9, recreateChromeDriverSessions: true, resetKeyboard: true, sessionOverride: true, unicodeKeyboard: true}, deviceManufacturer: Xiaomi, deviceModel: MI 9, deviceName: 6d4a5e0d, deviceScreenSize: 1080x2340, deviceUDID: 6d4a5e0d, goog:chromeOptions: {androidProcess: com.tencent.mm:appbrand0, args: [], extensions: []}, javascriptEnabled: true, locationContextEnabled: false, networkConnectionEnabled: true, newCommandTimeout: 120, noReset: true, noSign: true, platform: LINUX, platformName: Android, platformVersion: 9, recreateChromeDriverSessions: true, resetKeyboard: true, sessionOverride: true, takesScreenshot: true, unicodeKeyboard: true, warnings: {}, webStorageEnabled: false}
Session ID: cd205ff7-8c00-472e-9fe6-6cd7aced2891
at sun.reflect.NativeConstructorAccessorImpl.newInstance0(Native Method)
at sun.reflect.NativeConstructorAccessorImpl.newInstance(NativeConstructorAccessorImpl.java:62)
at sun.reflect.DelegatingConstructorAccessorImpl.newInstance(DelegatingConstructorAccessorImpl.java:45)
at java.lang.reflect.Constructor.newInstance(Constructor.java:423)
at org.openqa.selenium.remote.http.W3CHttpResponseCodec.createException(W3CHttpResponseCodec.java:187)
at org.openqa.selenium.remote.http.W3CHttpResponseCodec.decode(W3CHttpResponseCodec.java:122)
at org.openqa.selenium.remote.http.W3CHttpResponseCodec.decode(W3CHttpResponseCodec.java:49)
at org.openqa.selenium.remote.HttpCommandExecutor.execute(HttpCommandExecutor.java:158)
at io.appium.java_client.remote.AppiumCommandExecutor.execute(AppiumCommandExecutor.java:239)
at org.openqa.selenium.remote.RemoteWebDriver.execute(RemoteWebDriver.java:548)
at io.appium.java_client.DefaultGenericMobileDriver.execute(DefaultGenericMobileDriver.java:46)
at io.appium.java_client.AppiumDriver.execute(AppiumDriver.java:1)
at io.appium.java_client.android.AndroidDriver.execute(AndroidDriver.java:1)
at org.openqa.selenium.remote.RemoteWebDriver.getWindowHandles(RemoteWebDriver.java:456)
at com.jds.testBase.util.PageAction.jumpToWindowHandel(PageAction.java:223)
at com.jds.testBase.page.WX.JMZB.JMHomePage.jumpHomeWindowHandel(JMHomePage.java:84)
at com.jds.testCase.caseList.WX.CHomePage.pageEntry(CHomePage.java:16)
at sun.reflect.NativeMethodAccessorImpl.invoke0(Native Method)
at sun.reflect.NativeMethodAccessorImpl.invoke(NativeMethodAccessorImpl.java:62)
at sun.reflect.DelegatingMethodAccessorImpl.invoke(DelegatingMethodAccessorImpl.java:43)
at java.lang.reflect.Method.invoke(Method.java:498)
at org.testng.internal.MethodInvocationHelper.invokeMethod(MethodInvocationHelper.java:124)
at org.testng.internal.MethodInvocationHelper.invokeMethodConsideringTimeout(MethodInvocationHelper.java:59)
at org.testng.internal.Invoker.invokeConfigurationMethod(Invoker.java:458)
at org.testng.internal.Invoker.invokeConfigurations(Invoker.java:222)
at org.testng.internal.Invoker.invokeConfigurations(Invoker.java:142)
at org.testng.internal.TestMethodWorker.invokeBeforeClassMethods(TestMethodWorker.java:168)
at org.testng.internal.TestMethodWorker.run(TestMethodWorker.java:105)
at org.testng.TestRunner.privateRun(TestRunner.java:648)
at org.testng.TestRunner.run(TestRunner.java:505)
at org.testng.SuiteRunner.runTest(SuiteRunner.java:455)
at org.testng.SuiteRunner.access$000(SuiteRunner.java:40)
at org.testng.SuiteRunner$SuiteWorker.run(SuiteRunner.java:489)
at org.testng.internal.thread.ThreadUtil$1.call(ThreadUtil.java:52)
at java.util.concurrent.FutureTask.run(FutureTask.java:266)
at java.util.concurrent.ThreadPoolExecutor.runWorker(ThreadPoolExecutor.java:1149)
at java.util.concurrent.ThreadPoolExecutor$Worker.run(ThreadPoolExecutor.java:624)
at java.lang.Thread.run(Thread.java:748)
]]>
            </full-stacktrace>
          </exception> <!-- org.openqa.selenium.UnsupportedCommandException -->
          <reporter-output>
          </reporter-output>
        </test-method> <!-- Case002 -->
        <test-method status="SKIP" signature="goHome(java.lang.String, java.lang.String, java.lang.String, java.lang.String, java.lang.String, java.lang.String, java.lang.String, java.lang.String, java.lang.String)[pri:0, instance:com.jds.testCase.caseList.WX.CHomePage@47af7f3d]" name="goHome" is-config="true" duration-ms="0" started-at="2019-09-03T05:47:59Z" finished-at="2019-09-03T05:47:59Z">
          <reporter-output>
          </reporter-output>
        </test-method> <!-- goHome -->
        <test-method status="SKIP" signature="closeWxMini()[pri:0, instance:com.jds.testCase.caseList.WX.CHomePage@47af7f3d]" name="closeWxMini" is-config="true" duration-ms="0" started-at="2019-09-03T05:47:59Z" finished-at="2019-09-03T05:47:59Z">
          <reporter-output>
          </reporter-output>
        </test-method> <!-- closeWxMini -->
        <test-method status="SKIP" signature="stopAppium()[pri:0, instance:com.jds.testCase.caseList.WX.CHomePage@47af7f3d]" name="stopAppium" is-config="true" duration-ms="0" started-at="2019-09-03T05:48:05Z" finished-at="2019-09-03T05:48:05Z">
          <reporter-output>
          </reporter-output>
        </test-method> <!-- stopAppium -->
      </class> <!-- com.jds.testCase.caseList.WX.CHomePage -->
    </test> <!-- 移动设备:MI 9 -->
  </suite> <!-- 解码直播小程序自动化 -->
</testng-results>
